 ----------------------------------------------------------------------------------------------------------------------------------------------------------------------------------------------------------------------------------------------------------
                     SPECIFIC HEAT COEFFICIENTS                                                                     

             Cp = A + B*T + C*T^2 + D*T^3 + E*T^4  [J/kg/K]                                                         

    Species                      Cp(298K)         Cp(1000K)          LT-HT            A(LT)            B(LT)            C(LT)            D(LT)            E(LT)             A(HT)           B(HT)            C(HT)            D(HT)           E(HT)      
 ----------------------------------------------------------------------------------------------------------------------------------------------------------------------------------------------------------------------------------------------------------

    1. H2                      1.430307e+004    1.496188e+004    1.000000e+003    9.668577e+003    3.291356e+001   -8.033251e-002    8.313311e-005   -3.042086e-008    1.376373e+004   -2.037475e-001    2.059878e-003   -7.405744e-007    8.259006e-011
    2. O2                      9.181008e+002    1.090161e+003    1.000000e+003    9.828455e+002   -7.786810e-001    2.558754e-003   -2.515619e-006    8.428607e-010    8.529451e+002    3.853702e-001   -1.969525e-004    5.442950e-008   -5.631264e-012
    3. H2O                     1.864380e+003    2.292242e+003    1.000000e+003    1.937798e+003   -9.398754e-001    3.009361e-003   -2.532863e-006    8.178210e-010    1.400278e+003    1.004713e+000   -7.572438e-005   -4.478778e-008    7.762980e-012
    4. N2                      1.037719e+003    1.169485e+003    1.000000e+003    9.790364e+002    4.179611e-001   -1.176271e-003    1.674383e-006   -7.256245e-010    8.686170e+002    4.416266e-001   -1.687218e-004    2.996767e-008   -2.004372e-012

 ----------------------------------------------------------------------------------------------------------------------------------------------------------------------------------------------------------------------------------------------------------


 -------------------------------------------------------------------------------------------------------------------------------------------------------------------------------------------------------------------------------------------------------------------------------------------
                           ENTHALPY COEFFICIENTS                                                                     

             H/(RT) = A + B*T + C*T^2 + D*T^3 + E*T^4 + F/T  [-]                                                         

    Species                   H(298K)[J/kmol]  H(1000K)[J/kmol]      LT-HT            A(LT)            B(LT)            C(LT)            D(LT)            E(LT)           F(LT)             A(HT)            B(HT)            C(HT)           D(HT)             E(HT)            F(HT)      
 -------------------------------------------------------------------------------------------------------------------------------------------------------------------------------------------------------------------------------------------------------------------------------------------

    1. H2                     -4.325324e+003    2.068653e+007    1.000000e+003    2.344331e+000    3.990260e-003   -6.492717e-006    5.039302e-009   -1.475224e-012   -9.179352e+002    3.337279e+000   -2.470124e-005    1.664856e-007   -4.489160e-011    4.005108e-015   -9.501589e+002
    2. O2                     -4.406652e+003    2.270681e+007    1.000000e+003    3.782456e+000   -1.498367e-003    3.282434e-006   -2.420324e-009    6.487457e-013   -1.063944e+003    3.282538e+000    7.415438e-004   -2.526556e-007    5.236764e-011   -4.334356e-015   -1.088458e+003
    3. H2O                    -2.418296e+008   -2.158221e+008    1.000000e+003    4.198641e+000   -1.018217e-003    2.173467e-006   -1.371993e-009    3.543956e-013   -3.029373e+004    3.033992e+000    1.088459e-003   -5.469084e-008   -2.426050e-011    3.364020e-015   -3.000430e+004
    4. N2                     -2.930724e+003    2.146986e+007    1.000000e+003    3.298677e+000    7.041202e-004   -1.321074e-006    1.410379e-009   -4.889708e-013   -1.020900e+003    2.926640e+000    7.439884e-004   -1.894920e-007    2.524260e-011   -1.350670e-015   -9.227977e+002

 -------------------------------------------------------------------------------------------------------------------------------------------------------------------------------------------------------------------------------------------------------------------------------------------


 -------------------------------------------------------------------------------------------------------------------------------------------------------------------------------------------------------------------------------------------------------------------------------------------
                             ENTROPY COEFFICIENTS                                                                     

             S/R = A*lnT + B*T + C*T^2 + D*T^3 + E*T^4 + F  [-]                                                         

    Species                 S(298K)[J/kmol/K] S(1000K)[J/kmol/K]     LT-HT            A(LT)            B(LT)            C(LT)            D(LT)            E(LT)           F(LT)             A(HT)            B(HT)            C(HT)           D(HT)             E(HT)            F(HT)      
 -------------------------------------------------------------------------------------------------------------------------------------------------------------------------------------------------------------------------------------------------------------------------------------------

    1. H2                      1.306658e+005    1.662357e+005    1.000000e+003    2.344331e+000    7.980521e-003   -9.739075e-006    6.719070e-009   -1.844029e-012    6.830102e-001    3.337279e+000   -4.940247e-005    2.497284e-007   -5.985546e-011    5.006384e-015   -3.205023e+000
    2. O2                      2.051335e+005    2.435864e+005    1.000000e+003    3.782456e+000   -2.996734e-003    4.923651e-006   -3.227098e-009    8.109321e-013    3.657676e+000    3.282538e+000    1.483088e-003   -3.789833e-007    6.982352e-011   -5.417945e-015    5.453231e+000
    3. H2O                     1.888111e+005    2.327350e+005    1.000000e+003    4.198641e+000   -2.036434e-003    3.260201e-006   -1.829324e-009    4.429945e-013   -8.490322e-001    3.033992e+000    2.176918e-003   -8.203626e-008   -3.234733e-011    4.205025e-015    4.966770e+000
    4. N2                      1.914976e+005    2.280885e+005    1.000000e+003    3.298677e+000    1.408240e-003   -1.981611e-006    1.880505e-009   -6.112135e-013    3.950372e+000    2.926640e+000    1.487977e-003   -2.842380e-007    3.365679e-011   -1.688338e-015    5.980528e+000

 -------------------------------------------------------------------------------------------------------------------------------------------------------------------------------------------------------------------------------------------------------------------------------------------


