 ----------------------------------------------------------------------------------------------------------------------------------------------------------------------------------------------------------------------------------------------------------
                     SPECIFIC HEAT COEFFICIENTS                                                                     

             Cp = A + B*T + C*T^2 + D*T^3 + E*T^4  [J/kg/K]                                                         

    Species                      Cp(298K)         Cp(1000K)          LT-HT            A(LT)            B(LT)            C(LT)            D(LT)            E(LT)             A(HT)           B(HT)            C(HT)            D(HT)           E(HT)      
 ----------------------------------------------------------------------------------------------------------------------------------------------------------------------------------------------------------------------------------------------------------

    1. H2                      1.433368e+004    1.498260e+004    1.000000e+003    1.383826e+004    2.067733e+000   -9.488594e-004   -1.975729e-006    2.001186e-009    1.264784e+004    2.370354e+000    5.748493e-005   -1.051001e-007    1.200094e-011
    2. O2                      9.178941e+002    1.089756e+003    1.000000e+003    9.831722e+002   -7.856004e-001    2.585251e-003   -2.551377e-006    8.583095e-010    9.386092e+002    1.945009e-001   -5.150260e-005    8.769450e-009   -6.212168e-013
    3. H2O                     1.864225e+003    2.290736e+003    1.000000e+003    1.923529e+003   -8.360601e-001    2.744778e-003   -2.247283e-006    7.057712e-010    1.205077e+003    1.456733e+000   -4.291557e-004    6.152904e-008   -3.447137e-012
    4. AR                      5.203303e+002    5.203303e+002    1.000000e+003    5.203303e+002    0.000000e+000    0.000000e+000    0.000000e+000    0.000000e+000    5.203303e+002    0.000000e+000    0.000000e+000    0.000000e+000    0.000000e+000

 ----------------------------------------------------------------------------------------------------------------------------------------------------------------------------------------------------------------------------------------------------------


 -------------------------------------------------------------------------------------------------------------------------------------------------------------------------------------------------------------------------------------------------------------------------------------------
                           ENTHALPY COEFFICIENTS                                                                     

             H/(RT) = A + B*T + C*T^2 + D*T^3 + E*T^4 + F/T  [-]                                                         

    Species                   H(298K)[J/kmol]  H(1000K)[J/kmol]      LT-HT            A(LT)            B(LT)            C(LT)            D(LT)            E(LT)           F(LT)             A(HT)            B(HT)            C(HT)           D(HT)             E(HT)            F(HT)      
 -------------------------------------------------------------------------------------------------------------------------------------------------------------------------------------------------------------------------------------------------------------------------------------------

    1. H2                      2.059283e+003    2.068191e+007    1.000000e+003    3.355351e+000    2.506807e-004   -7.668969e-008   -1.197633e-010    9.704517e-014   -1.019163e+003    3.066710e+000    2.873688e-004    4.646106e-009   -6.370880e-012    5.819715e-016   -8.654741e+002
    2. O2                     -4.562530e+003    2.270310e+007    1.000000e+003    3.783714e+000   -1.511682e-003    3.316425e-006   -2.454728e-009    6.606365e-013   -1.063811e+003    3.612214e+000    3.742658e-004   -6.606882e-008    8.437252e-012   -4.781475e-016   -1.197815e+003
    3. H2O                    -2.418248e+008   -2.158191e+008    1.000000e+003    4.167723e+000   -9.057485e-004    1.982376e-006   -1.217301e-009    3.058398e-013   -3.028997e+004    2.611047e+000    1.578157e-003   -3.099515e-007    3.332885e-011   -1.493787e-015   -2.986817e+004
    4. AR                     -3.117757e+003    1.458876e+007    1.000000e+003    2.500000e+000    0.000000e+000    0.000000e+000    0.000000e+000    0.000000e+000   -7.453750e+002    2.500000e+000    0.000000e+000    0.000000e+000    0.000000e+000    0.000000e+000   -7.453750e+002

 -------------------------------------------------------------------------------------------------------------------------------------------------------------------------------------------------------------------------------------------------------------------------------------------


 -------------------------------------------------------------------------------------------------------------------------------------------------------------------------------------------------------------------------------------------------------------------------------------------
                             ENTROPY COEFFICIENTS                                                                     

             S/R = A*lnT + B*T + C*T^2 + D*T^3 + E*T^4 + F  [-]                                                         

    Species                 S(298K)[J/kmol/K] S(1000K)[J/kmol/K]     LT-HT            A(LT)            B(LT)            C(LT)            D(LT)            E(LT)           F(LT)             A(HT)            B(HT)            C(HT)           D(HT)             E(HT)            F(HT)      
 -------------------------------------------------------------------------------------------------------------------------------------------------------------------------------------------------------------------------------------------------------------------------------------------

    1. H2                      1.305699e+005    1.661078e+005    1.000000e+003    3.355351e+000    5.013614e-004   -1.150345e-007   -1.596844e-010    1.213065e-013   -3.547723e+000    3.066710e+000    5.747376e-004    6.969159e-009   -8.494506e-012    7.274644e-016   -1.779842e+000
    2. O2                      2.050222e+005    2.434699e+005    1.000000e+003    3.783714e+000   -3.023363e-003    4.974638e-006   -3.272970e-009    8.257956e-013    3.641634e+000    3.612214e+000    7.485317e-004   -9.910324e-008    1.124967e-011   -5.976843e-016    3.670331e+000
    3. H2O                     1.887121e+005    2.326350e+005    1.000000e+003    4.167723e+000   -1.811497e-003    2.973564e-006   -1.623067e-009    3.822998e-013   -7.313547e-001    2.611047e+000    3.156313e-003   -4.649272e-007    4.443846e-011   -1.867234e-015    7.209127e+000
    4. AR                      1.547216e+005    1.798866e+005    1.000000e+003    2.500000e+000    0.000000e+000    0.000000e+000    0.000000e+000    0.000000e+000    4.366001e+000    2.500000e+000    0.000000e+000    0.000000e+000    0.000000e+000    0.000000e+000    4.366001e+000

 -------------------------------------------------------------------------------------------------------------------------------------------------------------------------------------------------------------------------------------------------------------------------------------------


