------------------------------
  Elements     Atomic Weight  
------------------------------
  1.	H          1.00800002
  2.	O         15.99899960
  3.	AR        39.94800186
------------------------------


------------------------------------------------------------------------------------------------------
                                                Molecular        Temperature        Elements
  Species                  Phase  Charge         weight         Low      High       H       O      AR
------------------------------------------------------------------------------------------------------
    1. H2                           0            2.016000    300.00   5000.00       2       0       0
    2. O2                           0           31.997999    300.00   5000.00       0       2       0
    3. H2O                          0           18.015000    300.00   5000.00       2       1       0
    4. AR                           0           39.948002    300.00   5000.00       0       0       1
------------------------------------------------------------------------------------------------------

------------------------------------------------------------------------------------------------------------------
  Species                  Shape       eps/kb          sigma             mu           alfa        zRot298         
------------------------------------------------------------------------------------------------------------------
    1. H2                    1        38.0000         2.9200         0.0000         0.7900       280.0000
    2. O2                    1       107.4000         3.4580         0.0000         1.6000         3.8000
    3. H2O                   2       572.4000         2.6050         1.8440         0.0000         4.0000
    4. AR                    0       136.5000         3.3300         0.0000         0.0000         0.0000
------------------------------------------------------------------------------------------------------------------


---------------------------------------------------------------------------------------
                                  CHEMICAL REACTIONS                                 

                         Units: [kmol, m3, s] and [cal/mol]                          
---------------------------------------------------------------------------------------


      1. AR  => AR 
         k:       1.000000e+000	    0.00          0.00


