 ====================================================================================================
   THERMO TABLE FOR MOLECULE H2
 ====================================================================================================
   Elemental Composition:
     H 2
   Formation Enthalpy at 298K =          0.00049213 kcal/mol
   Formation Free Gibbs Energy at 298K = -9.29822 kcal/mol
   Molecular Weight =                    2.016 kg/kmol
 -----------------------------------------------------------------------------------------------------
   Temperature       Cp             H             G            S             DH            DG         
       [K]       [cal/mol/K]    [kcal/mol]    [kcal/mol]  [cal/(mol-K)]  [kcal/mol]     [kcal/mol]    
 -----------------------------------------------------------------------------------------------------
     300.0000      6.9069        0.0143        -9.3607       31.2499       0.0138        -0.0625       
     600.0000      7.0196        2.1057        -19.5409      36.0777       2.1052        -10.2427      
     800.0000      7.0790        3.5151        -26.9685      38.1045       3.5146        -17.6703      
     1000.0000     7.2184        4.9426        -34.7540      39.6966       4.9421        -25.4558      
     1200.0000     7.4283        6.4074        -42.8303      41.0314       6.4069        -33.5320      
     1400.0000     7.6299        7.9134        -51.1550      42.1917       7.9129        -41.8568      
     1600.0000     7.8221        9.4587        -59.6984      43.2232       9.4582        -50.4002      
     1800.0000     8.0043        11.0415       -68.4377      44.1551       11.0411       -59.1395      
     2000.0000     8.1758        12.6597       -77.3552      45.0074       12.6592       -68.0569      
     2200.0000     8.3363        14.3111       -86.4363      45.7943       14.3106       -77.1381      
     2400.0000     8.4857        15.9935       -95.6692      46.5261       15.9930       -86.3710      
     2600.0000     8.6242        17.7047       -105.0436     47.2109       17.7042       -95.7454      
 -----------------------------------------------------------------------------------------------------


 ====================================================================================================
   THERMO TABLE FOR MOLECULE O2
 ====================================================================================================
   Elemental Composition:
     O 2.0000
   Formation Enthalpy at 298K =          -0.0011 kcal/mol
   Formation Free Gibbs Energy at 298K = -14.6020 kcal/mol
   Molecular Weight =                    31.9980 kg/kmol
 -----------------------------------------------------------------------------------------------------
   Temperature       Cp             H             G            S             DH            DG         
       [K]       [cal/mol/K]    [kcal/mol]    [kcal/mol]  [cal/(mol-K)]  [kcal/mol]     [kcal/mol]    
 -----------------------------------------------------------------------------------------------------
     300.0000      7.0216        0.0130        -14.7001      49.0434       0.0140        -0.0980       
     600.0000      7.6671        2.2091        -30.2458      54.0915       2.2102        -15.6437      
     800.0000      8.0638        3.7847        -41.2993      56.3550       3.7858        -26.6973      
     1000.0000     8.3333        5.4256        -52.7591      58.1847       5.4267        -38.1571      
     1200.0000     8.5012        7.1093        -64.5536      59.7192       7.1104        -49.9516      
     1400.0000     8.6536        8.8250        -76.6327      61.0412       8.8261        -62.0307      
     1600.0000     8.7925        10.5699       -88.9597      62.2060       10.5710       -74.3577      
     1800.0000     8.9199        12.3413       -101.5070     63.2490       12.3424       -86.9050      
     2000.0000     9.0373        14.1371       -114.2529     64.1950       14.1382       -99.6508      
     2200.0000     9.1462        15.9556       -127.1797     65.0615       15.9567       -112.5777     
     2400.0000     9.2480        17.7952       -140.2731     65.8618       17.7962       -125.6710     
     2600.0000     9.3438        19.6544       -153.5207     66.6058       19.6555       -138.9186     
 -----------------------------------------------------------------------------------------------------


 ====================================================================================================
   THERMO TABLE FOR MOLECULE H2O
 ====================================================================================================
   Elemental Composition:
     H 2.0000
     O 1.0000
   Formation Enthalpy at 298K =          -57.7916 kcal/mol
   Formation Free Gibbs Energy at 298K = -71.2310 kcal/mol
   Molecular Weight =                    18.0150 kg/kmol
 -----------------------------------------------------------------------------------------------------
   Temperature       Cp             H             G            S             DH            DG         
       [K]       [cal/mol/K]    [kcal/mol]    [kcal/mol]  [cal/(mol-K)]  [kcal/mol]     [kcal/mol]    
 -----------------------------------------------------------------------------------------------------
     300.0000      8.0283        -57.7755      -71.3212      45.1523       0.0161        -0.0903       
     600.0000      8.6797        -55.2807      -85.8151      50.8907       2.5109        -14.5841      
     800.0000      9.2555        -53.4878      -96.2603      53.4656       4.3038        -25.0294      
     1000.0000     9.8622        -51.5767      -107.1721     55.5954       6.2149        -35.9411      
     1200.0000     10.4805       -49.5410      -118.4803     57.4494       8.2506        -47.2494      
     1400.0000     11.0169       -47.3900      -130.1388     59.1063       10.4016       -58.9078      
     1600.0000     11.4806       -45.1391      -142.1126     60.6084       12.6525       -70.8816      
     1800.0000     11.8798       -42.8021      -154.3737     61.9843       14.9895       -83.1428      
     2000.0000     12.2226       -40.3909      -166.8992     63.2541       17.4006       -95.6682      
     2200.0000     12.5161       -37.9163      -179.6694     64.4332       19.8753       -108.4384     
     2400.0000     12.7672       -35.3873      -192.6672     65.5333       22.4043       -121.4363     
     2600.0000     12.9820       -32.8118      -205.8780     66.5639       24.9798       -134.6471     
 -----------------------------------------------------------------------------------------------------


 ====================================================================================================
   THERMO TABLE FOR MOLECULE AR
 ====================================================================================================
   Elemental Composition:
     AR 1.0000
   Formation Enthalpy at 298K =          -0.0007 kcal/mol
   Formation Free Gibbs Energy at 298K = -11.0195 kcal/mol
   Molecular Weight =                    39.9480 kg/kmol
 -----------------------------------------------------------------------------------------------------
   Temperature       Cp             H             G            S             DH            DG         
       [K]       [cal/mol/K]    [kcal/mol]    [kcal/mol]  [cal/(mol-K)]  [kcal/mol]     [kcal/mol]    
 -----------------------------------------------------------------------------------------------------
     300.0000      4.9675        0.0092        -11.0934      37.0088       0.0099        -0.0740       
     600.0000      4.9675        1.4994        -22.7718      40.4520       1.5002        -11.7523      
     800.0000      4.9675        2.4929        -31.0119      41.8811       2.4937        -19.9924      
     1000.0000     4.9675        3.4864        -39.5031      42.9895       3.4872        -28.4836      
     1200.0000     4.9675        4.4799        -48.1943      43.8952       4.4807        -37.1748      
     1400.0000     4.9675        5.4734        -57.0519      44.6609       5.4742        -46.0324      
     1600.0000     4.9675        6.4669        -66.0519      45.3243       6.4677        -55.0324      
     1800.0000     4.9675        7.4604        -75.1764      45.9093       7.4612        -64.1569      
     2000.0000     4.9675        8.4539        -84.4115      46.4327       8.4547        -73.3920      
     2200.0000     4.9675        9.4474        -93.7462      46.9062       9.4482        -82.7267      
     2400.0000     4.9675        10.4409       -103.1712     47.3384       10.4417       -92.1518      
     2600.0000     4.9675        11.4344       -112.6792     47.7360       11.4352       -101.6597     
 -----------------------------------------------------------------------------------------------------


